Data directory: /home/pbickenbach/IW/Datasets
Epoch 0/49
----------
train Loss: 0.6412 Acc: 0.7937
val Loss: 0.7933 Acc: 0.7642

Epoch 1/49
----------
train Loss: 0.4424 Acc: 0.8582
val Loss: 0.8275 Acc: 0.7348

Epoch 2/49
----------
train Loss: 0.4196 Acc: 0.8630
val Loss: 0.6696 Acc: 0.7787

Epoch 3/49
----------
train Loss: 0.3900 Acc: 0.8725
val Loss: 0.6882 Acc: 0.7707

Epoch 4/49
----------
train Loss: 0.3763 Acc: 0.8759
val Loss: 0.6821 Acc: 0.7846

Epoch 5/49
----------
train Loss: 0.3666 Acc: 0.8786
val Loss: 0.7246 Acc: 0.7687

Epoch 6/49
----------
train Loss: 0.3652 Acc: 0.8809
val Loss: 0.7043 Acc: 0.7717

Epoch 7/49
----------
train Loss: 0.3630 Acc: 0.8812
val Loss: 0.8055 Acc: 0.7532

Epoch 8/49
----------
train Loss: 0.3606 Acc: 0.8832
val Loss: 0.6544 Acc: 0.7712

Epoch 9/49
----------
train Loss: 0.3644 Acc: 0.8813
val Loss: 0.7049 Acc: 0.7742

Epoch 10/49
----------
train Loss: 0.3551 Acc: 0.8869
val Loss: 0.7135 Acc: 0.7657

Epoch 11/49
----------
train Loss: 0.3454 Acc: 0.8870
val Loss: 0.6974 Acc: 0.7742

Epoch 12/49
----------
train Loss: 0.3442 Acc: 0.8895
val Loss: 0.7143 Acc: 0.7697

Epoch 13/49
----------
train Loss: 0.3442 Acc: 0.8916
val Loss: 0.7094 Acc: 0.7697

Epoch 14/49
----------
train Loss: 0.3452 Acc: 0.8892
val Loss: 0.7132 Acc: 0.7647

Epoch 15/49
----------
train Loss: 0.3435 Acc: 0.8885
val Loss: 0.6706 Acc: 0.7827

Epoch 16/49
----------
train Loss: 0.3435 Acc: 0.8894
val Loss: 0.7118 Acc: 0.7697

Epoch 17/49
----------
train Loss: 0.3358 Acc: 0.8917
val Loss: 0.6667 Acc: 0.7851

Epoch 18/49
----------
train Loss: 0.3413 Acc: 0.8896
val Loss: 0.7030 Acc: 0.7752

Epoch 19/49
----------
train Loss: 0.3336 Acc: 0.8904
val Loss: 0.6756 Acc: 0.7856

Epoch 20/49
----------
train Loss: 0.3363 Acc: 0.8920
val Loss: 0.6548 Acc: 0.7971

Epoch 21/49
----------
train Loss: 0.3372 Acc: 0.8920
val Loss: 0.6682 Acc: 0.7812

Epoch 22/49
----------
train Loss: 0.3368 Acc: 0.8936
val Loss: 0.6817 Acc: 0.7817

Epoch 23/49
----------
train Loss: 0.3399 Acc: 0.8922
val Loss: 0.7256 Acc: 0.7687

Epoch 24/49
----------
train Loss: 0.3348 Acc: 0.8940
val Loss: 0.6980 Acc: 0.7697

Epoch 25/49
----------
train Loss: 0.3332 Acc: 0.8918
val Loss: 0.6961 Acc: 0.7836

Epoch 26/49
----------
train Loss: 0.3398 Acc: 0.8947
val Loss: 0.6884 Acc: 0.7782

Epoch 27/49
----------
train Loss: 0.3332 Acc: 0.8953
val Loss: 0.6765 Acc: 0.7846

Epoch 28/49
----------
train Loss: 0.3342 Acc: 0.8909
val Loss: 0.6513 Acc: 0.7876

Epoch 29/49
----------
train Loss: 0.3359 Acc: 0.8905
val Loss: 0.7074 Acc: 0.7707

Epoch 30/49
----------
train Loss: 0.3263 Acc: 0.8976
val Loss: 0.6979 Acc: 0.7717

Epoch 31/49
----------
train Loss: 0.3397 Acc: 0.8900
val Loss: 0.7110 Acc: 0.7702

Epoch 32/49
----------
train Loss: 0.3445 Acc: 0.8899
val Loss: 0.6868 Acc: 0.7767

Epoch 33/49
----------
train Loss: 0.3327 Acc: 0.8944
val Loss: 0.7353 Acc: 0.7607

Epoch 34/49
----------
train Loss: 0.3357 Acc: 0.8915
val Loss: 0.6620 Acc: 0.7846

Epoch 35/49
----------
train Loss: 0.3428 Acc: 0.8933
val Loss: 0.6779 Acc: 0.7807

Epoch 36/49
----------
train Loss: 0.3347 Acc: 0.8939
val Loss: 0.6758 Acc: 0.7856

Epoch 37/49
----------
train Loss: 0.3382 Acc: 0.8936
val Loss: 0.7032 Acc: 0.7727

Epoch 38/49
----------
train Loss: 0.3311 Acc: 0.8939
val Loss: 0.7073 Acc: 0.7717

Epoch 39/49
----------
train Loss: 0.3364 Acc: 0.8927
val Loss: 0.6850 Acc: 0.7797

Epoch 40/49
----------
train Loss: 0.3314 Acc: 0.8951
val Loss: 0.6987 Acc: 0.7722

Epoch 41/49
----------
train Loss: 0.3332 Acc: 0.8948
val Loss: 0.6953 Acc: 0.7747

Epoch 42/49
----------
train Loss: 0.3291 Acc: 0.8964
val Loss: 0.6762 Acc: 0.7802

Epoch 43/49
----------
train Loss: 0.3251 Acc: 0.9024
val Loss: 0.7208 Acc: 0.7657

Epoch 44/49
----------
train Loss: 0.3325 Acc: 0.8956
val Loss: 0.6899 Acc: 0.7767

Epoch 45/49
----------
train Loss: 0.3335 Acc: 0.8932
val Loss: 0.6808 Acc: 0.7787

Epoch 46/49
----------
train Loss: 0.3328 Acc: 0.8939
val Loss: 0.7052 Acc: 0.7752

Epoch 47/49
----------
train Loss: 0.3356 Acc: 0.8949
val Loss: 0.6895 Acc: 0.7757

Epoch 48/49
----------
train Loss: 0.3329 Acc: 0.8952
val Loss: 0.7094 Acc: 0.7707

Epoch 49/49
----------
train Loss: 0.3338 Acc: 0.8936
val Loss: 0.7030 Acc: 0.7682

Training complete in 171m 14s
Best val Acc: 0.797109
