Data directory: /home/pbickenbach/IW/Datasets
Epoch 0/99
----------
train Loss: 0.6325 Acc: 0.7990
val Loss: 0.6892 Acc: 0.7737

Epoch 1/99
----------
train Loss: 0.4225 Acc: 0.8649
val Loss: 0.7740 Acc: 0.7478

Epoch 2/99
----------
train Loss: 0.3904 Acc: 0.8757
val Loss: 0.8290 Acc: 0.7398

Epoch 3/99
----------
train Loss: 0.3725 Acc: 0.8800
val Loss: 0.6725 Acc: 0.7742

Epoch 4/99
----------
train Loss: 0.3596 Acc: 0.8824
val Loss: 0.7221 Acc: 0.7607

Epoch 5/99
----------
train Loss: 0.3632 Acc: 0.8833
val Loss: 0.7956 Acc: 0.7557

Epoch 6/99
----------
train Loss: 0.3472 Acc: 0.8880
val Loss: 0.8577 Acc: 0.7343

Epoch 7/99
----------
train Loss: 0.3490 Acc: 0.8875
val Loss: 0.7020 Acc: 0.7722

Epoch 8/99
----------
train Loss: 0.3558 Acc: 0.8825
val Loss: 0.7060 Acc: 0.7662

Epoch 9/99
----------
train Loss: 0.3471 Acc: 0.8857
val Loss: 0.7405 Acc: 0.7592

Epoch 10/99
----------
train Loss: 0.3287 Acc: 0.8933
val Loss: 0.6816 Acc: 0.7871

Epoch 11/99
----------
train Loss: 0.3237 Acc: 0.8946
val Loss: 0.8010 Acc: 0.7463

Epoch 12/99
----------
train Loss: 0.3258 Acc: 0.8959
val Loss: 0.7098 Acc: 0.7762

Epoch 13/99
----------
train Loss: 0.3312 Acc: 0.8927
val Loss: 0.6672 Acc: 0.7797

Epoch 14/99
----------
train Loss: 0.3215 Acc: 0.8962
val Loss: 0.6998 Acc: 0.7737

Epoch 15/99
----------
train Loss: 0.3322 Acc: 0.8919
val Loss: 0.7150 Acc: 0.7607

Epoch 16/99
----------
train Loss: 0.3249 Acc: 0.8956
val Loss: 0.6943 Acc: 0.7747

Epoch 17/99
----------
train Loss: 0.3380 Acc: 0.8911
val Loss: 0.8143 Acc: 0.7398

Epoch 18/99
----------
train Loss: 0.3262 Acc: 0.8953
val Loss: 0.7481 Acc: 0.7577

Epoch 19/99
----------
train Loss: 0.3241 Acc: 0.8977
val Loss: 0.7141 Acc: 0.7667

Epoch 20/99
----------
train Loss: 0.3218 Acc: 0.8934
val Loss: 0.7134 Acc: 0.7687

Epoch 21/99
----------
train Loss: 0.3158 Acc: 0.9011
val Loss: 0.7283 Acc: 0.7657

Epoch 22/99
----------
train Loss: 0.3165 Acc: 0.9003
val Loss: 0.7821 Acc: 0.7547

Epoch 23/99
----------
train Loss: 0.3226 Acc: 0.8935
val Loss: 0.7440 Acc: 0.7667

Epoch 24/99
----------
train Loss: 0.3148 Acc: 0.9007
val Loss: 0.7313 Acc: 0.7622

Epoch 25/99
----------
train Loss: 0.3132 Acc: 0.9007
val Loss: 0.7054 Acc: 0.7682

Epoch 26/99
----------
train Loss: 0.3158 Acc: 0.8998
val Loss: 0.6560 Acc: 0.7836

Epoch 27/99
----------
train Loss: 0.3197 Acc: 0.8986
val Loss: 0.7026 Acc: 0.7712

Epoch 28/99
----------
train Loss: 0.3166 Acc: 0.9019
val Loss: 0.6639 Acc: 0.7926

Epoch 29/99
----------
train Loss: 0.3223 Acc: 0.8959
val Loss: 0.6967 Acc: 0.7777

Epoch 30/99
----------
train Loss: 0.3118 Acc: 0.9000
val Loss: 0.6897 Acc: 0.7752

Epoch 31/99
----------
train Loss: 0.3115 Acc: 0.8986
val Loss: 0.7083 Acc: 0.7647

Epoch 32/99
----------
train Loss: 0.3132 Acc: 0.9007
val Loss: 0.7114 Acc: 0.7717

Epoch 33/99
----------
train Loss: 0.3142 Acc: 0.9000
val Loss: 0.7058 Acc: 0.7737

Epoch 34/99
----------
train Loss: 0.3074 Acc: 0.9050
val Loss: 0.6850 Acc: 0.7822

Epoch 35/99
----------
train Loss: 0.3175 Acc: 0.9013
val Loss: 0.6815 Acc: 0.7747

Epoch 36/99
----------
train Loss: 0.3154 Acc: 0.9038
val Loss: 0.6816 Acc: 0.7797

Epoch 37/99
----------
train Loss: 0.3152 Acc: 0.8985
val Loss: 0.7075 Acc: 0.7702

Epoch 38/99
----------
train Loss: 0.3156 Acc: 0.8988
val Loss: 0.6914 Acc: 0.7757

Epoch 39/99
----------
train Loss: 0.3097 Acc: 0.9057
val Loss: 0.6910 Acc: 0.7712

Epoch 40/99
----------
train Loss: 0.3101 Acc: 0.9015
val Loss: 0.7516 Acc: 0.7602

Epoch 41/99
----------
train Loss: 0.3076 Acc: 0.9037
val Loss: 0.7099 Acc: 0.7707

Epoch 42/99
----------
train Loss: 0.3117 Acc: 0.9026
val Loss: 0.6758 Acc: 0.7841

Epoch 43/99
----------
train Loss: 0.3125 Acc: 0.9027
val Loss: 0.6895 Acc: 0.7782

Epoch 44/99
----------
train Loss: 0.3126 Acc: 0.9035
val Loss: 0.7312 Acc: 0.7642

Epoch 45/99
----------
train Loss: 0.3153 Acc: 0.9010
val Loss: 0.6919 Acc: 0.7807

Epoch 46/99
----------
train Loss: 0.3070 Acc: 0.9073
val Loss: 0.7388 Acc: 0.7592

Epoch 47/99
----------
train Loss: 0.3082 Acc: 0.9021
val Loss: 0.7143 Acc: 0.7657

Epoch 48/99
----------
train Loss: 0.3073 Acc: 0.9019
val Loss: 0.6863 Acc: 0.7797

Epoch 49/99
----------
train Loss: 0.3163 Acc: 0.9024
val Loss: 0.7203 Acc: 0.7597

Epoch 50/99
----------
train Loss: 0.3073 Acc: 0.9049
val Loss: 0.6729 Acc: 0.7846

Epoch 51/99
----------
train Loss: 0.3121 Acc: 0.9049
val Loss: 0.6906 Acc: 0.7752

Epoch 52/99
----------
train Loss: 0.3107 Acc: 0.9031
val Loss: 0.7116 Acc: 0.7667

Epoch 53/99
----------
train Loss: 0.3063 Acc: 0.9057
val Loss: 0.6716 Acc: 0.7802

Epoch 54/99
----------
train Loss: 0.3074 Acc: 0.9032
val Loss: 0.7039 Acc: 0.7767

Epoch 55/99
----------
train Loss: 0.3055 Acc: 0.9043
val Loss: 0.6966 Acc: 0.7712

Epoch 56/99
----------
train Loss: 0.3077 Acc: 0.9030
val Loss: 0.7237 Acc: 0.7682

Epoch 57/99
----------
train Loss: 0.3089 Acc: 0.9017
val Loss: 0.6952 Acc: 0.7707

Epoch 58/99
----------
train Loss: 0.3121 Acc: 0.9018
val Loss: 0.6996 Acc: 0.7717

Epoch 59/99
----------
train Loss: 0.3118 Acc: 0.9037
val Loss: 0.6910 Acc: 0.7757

Epoch 60/99
----------
train Loss: 0.3068 Acc: 0.9042
val Loss: 0.7261 Acc: 0.7607

Epoch 61/99
----------
train Loss: 0.3069 Acc: 0.9019
val Loss: 0.7297 Acc: 0.7692

Epoch 62/99
----------
train Loss: 0.3097 Acc: 0.9023
val Loss: 0.6697 Acc: 0.7782

Epoch 63/99
----------
train Loss: 0.3049 Acc: 0.9033
val Loss: 0.7018 Acc: 0.7732

Epoch 64/99
----------
train Loss: 0.3090 Acc: 0.9062
val Loss: 0.7144 Acc: 0.7632

Epoch 65/99
----------
train Loss: 0.3056 Acc: 0.9050
val Loss: 0.7138 Acc: 0.7687

Epoch 66/99
----------
train Loss: 0.3036 Acc: 0.9068
val Loss: 0.6517 Acc: 0.7851

Epoch 67/99
----------
train Loss: 0.3091 Acc: 0.9049
val Loss: 0.7104 Acc: 0.7707

Epoch 68/99
----------
train Loss: 0.3075 Acc: 0.9017
val Loss: 0.7002 Acc: 0.7752

Epoch 69/99
----------
train Loss: 0.3103 Acc: 0.9050
val Loss: 0.7014 Acc: 0.7752

Epoch 70/99
----------
train Loss: 0.3033 Acc: 0.9090
val Loss: 0.6941 Acc: 0.7777

Epoch 71/99
----------
train Loss: 0.3089 Acc: 0.9043
val Loss: 0.6815 Acc: 0.7797

Epoch 72/99
----------
train Loss: 0.3036 Acc: 0.9062
val Loss: 0.6851 Acc: 0.7792

Epoch 73/99
----------
train Loss: 0.3165 Acc: 0.8981
val Loss: 0.7131 Acc: 0.7737

Epoch 74/99
----------
train Loss: 0.3091 Acc: 0.9024
val Loss: 0.7142 Acc: 0.7682

Epoch 75/99
----------
train Loss: 0.3108 Acc: 0.9013
val Loss: 0.6803 Acc: 0.7832

Epoch 76/99
----------
train Loss: 0.3083 Acc: 0.9038
val Loss: 0.7132 Acc: 0.7697

Epoch 77/99
----------
train Loss: 0.3110 Acc: 0.9031
val Loss: 0.7048 Acc: 0.7702

Epoch 78/99
----------
train Loss: 0.3122 Acc: 0.9015
val Loss: 0.7341 Acc: 0.7607

Epoch 79/99
----------
train Loss: 0.3089 Acc: 0.9038
val Loss: 0.7052 Acc: 0.7752

Epoch 80/99
----------
train Loss: 0.3108 Acc: 0.9026
val Loss: 0.6794 Acc: 0.7782

Epoch 81/99
----------
train Loss: 0.3061 Acc: 0.9049
val Loss: 0.7141 Acc: 0.7687

Epoch 82/99
----------
train Loss: 0.3062 Acc: 0.9041
val Loss: 0.7309 Acc: 0.7597

Epoch 83/99
----------
train Loss: 0.3104 Acc: 0.9040
val Loss: 0.7124 Acc: 0.7627

Epoch 84/99
----------
train Loss: 0.3084 Acc: 0.9051
val Loss: 0.7123 Acc: 0.7682

Epoch 85/99
----------
train Loss: 0.3090 Acc: 0.9018
val Loss: 0.7130 Acc: 0.7642

Epoch 86/99
----------
train Loss: 0.3071 Acc: 0.9042
val Loss: 0.7123 Acc: 0.7632

Epoch 87/99
----------
train Loss: 0.3073 Acc: 0.9040
val Loss: 0.7235 Acc: 0.7597

Epoch 88/99
----------
train Loss: 0.3075 Acc: 0.9069
val Loss: 0.6970 Acc: 0.7797

Epoch 89/99
----------
train Loss: 0.3129 Acc: 0.9025
val Loss: 0.6542 Acc: 0.7916

Epoch 90/99
----------
train Loss: 0.3115 Acc: 0.9054
val Loss: 0.6671 Acc: 0.7901

Epoch 91/99
----------
train Loss: 0.3082 Acc: 0.9066
val Loss: 0.6939 Acc: 0.7727

Epoch 92/99
----------
train Loss: 0.3108 Acc: 0.9025
val Loss: 0.6717 Acc: 0.7827

Epoch 93/99
----------
train Loss: 0.3059 Acc: 0.9011
val Loss: 0.7139 Acc: 0.7672

Epoch 94/99
----------
train Loss: 0.3114 Acc: 0.9033
val Loss: 0.6724 Acc: 0.7856

Epoch 95/99
----------
train Loss: 0.3104 Acc: 0.9023
val Loss: 0.7219 Acc: 0.7707

Epoch 96/99
----------
train Loss: 0.3055 Acc: 0.9047
val Loss: 0.6761 Acc: 0.7841

Epoch 97/99
----------
train Loss: 0.3019 Acc: 0.9066
val Loss: 0.6687 Acc: 0.7832

Epoch 98/99
----------
train Loss: 0.3093 Acc: 0.9002
val Loss: 0.7053 Acc: 0.7722

Epoch 99/99
----------
train Loss: 0.3054 Acc: 0.9070
val Loss: 0.7127 Acc: 0.7722

Training complete in 334m 0s
Best val Acc: 0.792622
