Data directory: /home/pbickenbach/IW/Datasets
Epoch 0/99
----------
train Loss: 1.1825 Acc: 0.6104
val Loss: 1.1510 Acc: 0.6700

Epoch 1/99
----------
train Loss: 0.7341 Acc: 0.7972
val Loss: 0.9871 Acc: 0.7144

Epoch 2/99
----------
train Loss: 0.6067 Acc: 0.8247
val Loss: 0.8916 Acc: 0.7383

Epoch 3/99
----------
train Loss: 0.5404 Acc: 0.8397
val Loss: 0.8284 Acc: 0.7507

Epoch 4/99
----------
train Loss: 0.5059 Acc: 0.8453
val Loss: 0.8478 Acc: 0.7438

Epoch 5/99
----------
train Loss: 0.4724 Acc: 0.8569
val Loss: 0.7789 Acc: 0.7542

Epoch 6/99
----------
train Loss: 0.4513 Acc: 0.8628
val Loss: 0.7471 Acc: 0.7682

Epoch 7/99
----------
train Loss: 0.4317 Acc: 0.8685
val Loss: 0.7517 Acc: 0.7517

Epoch 8/99
----------
train Loss: 0.4123 Acc: 0.8756
val Loss: 0.7580 Acc: 0.7562

Epoch 9/99
----------
train Loss: 0.4099 Acc: 0.8754
val Loss: 0.7692 Acc: 0.7552

Epoch 10/99
----------
train Loss: 0.4050 Acc: 0.8728
val Loss: 0.7511 Acc: 0.7507

Epoch 11/99
----------
train Loss: 0.3996 Acc: 0.8761
val Loss: 0.7307 Acc: 0.7602

Epoch 12/99
----------
train Loss: 0.3954 Acc: 0.8771
val Loss: 0.7347 Acc: 0.7607

Epoch 13/99
----------
train Loss: 0.4001 Acc: 0.8751
val Loss: 0.7649 Acc: 0.7502

Epoch 14/99
----------
train Loss: 0.3933 Acc: 0.8782
val Loss: 0.7255 Acc: 0.7632

Epoch 15/99
----------
train Loss: 0.3928 Acc: 0.8762
val Loss: 0.7195 Acc: 0.7687

Epoch 16/99
----------
train Loss: 0.3961 Acc: 0.8776
val Loss: 0.7753 Acc: 0.7532

Epoch 17/99
----------
train Loss: 0.3928 Acc: 0.8765
val Loss: 0.7921 Acc: 0.7418

Epoch 18/99
----------
train Loss: 0.3924 Acc: 0.8763
val Loss: 0.7736 Acc: 0.7527

Epoch 19/99
----------
train Loss: 0.3928 Acc: 0.8794
val Loss: 0.7622 Acc: 0.7502

Epoch 20/99
----------
train Loss: 0.3928 Acc: 0.8772
val Loss: 0.7574 Acc: 0.7577

Epoch 21/99
----------
train Loss: 0.3887 Acc: 0.8801
val Loss: 0.6833 Acc: 0.7742

Epoch 22/99
----------
train Loss: 0.3890 Acc: 0.8792
val Loss: 0.7366 Acc: 0.7537

Epoch 23/99
----------
train Loss: 0.3903 Acc: 0.8794
val Loss: 0.7793 Acc: 0.7448

Epoch 24/99
----------
train Loss: 0.3903 Acc: 0.8782
val Loss: 0.7871 Acc: 0.7458

Epoch 25/99
----------
train Loss: 0.3859 Acc: 0.8807
val Loss: 0.7236 Acc: 0.7662

Epoch 26/99
----------
train Loss: 0.3946 Acc: 0.8791
val Loss: 0.7392 Acc: 0.7617

Epoch 27/99
----------
train Loss: 0.3913 Acc: 0.8801
val Loss: 0.7770 Acc: 0.7403

Epoch 28/99
----------
train Loss: 0.3896 Acc: 0.8808
val Loss: 0.7986 Acc: 0.7433

Epoch 29/99
----------
train Loss: 0.3928 Acc: 0.8762
val Loss: 0.7907 Acc: 0.7473

Epoch 30/99
----------
train Loss: 0.3836 Acc: 0.8830
val Loss: 0.7582 Acc: 0.7483

Epoch 31/99
----------
train Loss: 0.3827 Acc: 0.8842
val Loss: 0.7278 Acc: 0.7567

Epoch 32/99
----------
train Loss: 0.3924 Acc: 0.8733
val Loss: 0.7145 Acc: 0.7602

Epoch 33/99
----------
train Loss: 0.3979 Acc: 0.8773
val Loss: 0.7697 Acc: 0.7527

Epoch 34/99
----------
train Loss: 0.3867 Acc: 0.8810
val Loss: 0.7633 Acc: 0.7577

Epoch 35/99
----------
train Loss: 0.3918 Acc: 0.8782
val Loss: 0.6956 Acc: 0.7737

Epoch 36/99
----------
train Loss: 0.3896 Acc: 0.8784
val Loss: 0.7397 Acc: 0.7562

Epoch 37/99
----------
train Loss: 0.3866 Acc: 0.8800
val Loss: 0.7306 Acc: 0.7597

Epoch 38/99
----------
train Loss: 0.3873 Acc: 0.8794
val Loss: 0.7231 Acc: 0.7612

Epoch 39/99
----------
train Loss: 0.3905 Acc: 0.8795
val Loss: 0.7324 Acc: 0.7627

Epoch 40/99
----------
train Loss: 0.3869 Acc: 0.8806
val Loss: 0.7548 Acc: 0.7552

Epoch 41/99
----------
train Loss: 0.3846 Acc: 0.8815
val Loss: 0.7799 Acc: 0.7448

Epoch 42/99
----------
train Loss: 0.3885 Acc: 0.8808
val Loss: 0.7449 Acc: 0.7582

Epoch 43/99
----------
train Loss: 0.3907 Acc: 0.8771
val Loss: 0.6893 Acc: 0.7672

Epoch 44/99
----------
train Loss: 0.3917 Acc: 0.8787
val Loss: 0.7699 Acc: 0.7458

Epoch 45/99
----------
train Loss: 0.3866 Acc: 0.8839
val Loss: 0.7204 Acc: 0.7612

Epoch 46/99
----------
train Loss: 0.3878 Acc: 0.8786
val Loss: 0.7327 Acc: 0.7602

Epoch 47/99
----------
train Loss: 0.3875 Acc: 0.8800
val Loss: 0.7645 Acc: 0.7478

Epoch 48/99
----------
train Loss: 0.3883 Acc: 0.8788
val Loss: 0.7663 Acc: 0.7463

Epoch 49/99
----------
train Loss: 0.3938 Acc: 0.8785
val Loss: 0.7325 Acc: 0.7597

Epoch 50/99
----------
train Loss: 0.3820 Acc: 0.8840
val Loss: 0.7618 Acc: 0.7552

Epoch 51/99
----------
train Loss: 0.3865 Acc: 0.8812
val Loss: 0.7098 Acc: 0.7687

Epoch 52/99
----------
train Loss: 0.3838 Acc: 0.8819
val Loss: 0.7088 Acc: 0.7637

Epoch 53/99
----------
train Loss: 0.3885 Acc: 0.8776
val Loss: 0.7588 Acc: 0.7463

Epoch 54/99
----------
train Loss: 0.3859 Acc: 0.8807
val Loss: 0.7402 Acc: 0.7577

Epoch 55/99
----------
train Loss: 0.3857 Acc: 0.8845
val Loss: 0.7430 Acc: 0.7572

Epoch 56/99
----------
train Loss: 0.3915 Acc: 0.8774
val Loss: 0.7449 Acc: 0.7582

Epoch 57/99
----------
train Loss: 0.3902 Acc: 0.8771
val Loss: 0.7118 Acc: 0.7622

Epoch 58/99
----------
train Loss: 0.3936 Acc: 0.8780
val Loss: 0.7390 Acc: 0.7587

Epoch 59/99
----------
train Loss: 0.3895 Acc: 0.8788
val Loss: 0.7662 Acc: 0.7537

Epoch 60/99
----------
train Loss: 0.3876 Acc: 0.8794
val Loss: 0.7313 Acc: 0.7572

Epoch 61/99
----------
train Loss: 0.3916 Acc: 0.8809
val Loss: 0.7585 Acc: 0.7552

Epoch 62/99
----------
train Loss: 0.3932 Acc: 0.8783
val Loss: 0.7548 Acc: 0.7562

Epoch 63/99
----------
train Loss: 0.3894 Acc: 0.8806
val Loss: 0.7678 Acc: 0.7517

Epoch 64/99
----------
train Loss: 0.3845 Acc: 0.8802
val Loss: 0.7421 Acc: 0.7607

Epoch 65/99
----------
train Loss: 0.3860 Acc: 0.8827
val Loss: 0.7551 Acc: 0.7527

Epoch 66/99
----------
train Loss: 0.3923 Acc: 0.8784
val Loss: 0.7657 Acc: 0.7483

Epoch 67/99
----------
train Loss: 0.3890 Acc: 0.8795
val Loss: 0.7580 Acc: 0.7488

Epoch 68/99
----------
train Loss: 0.3860 Acc: 0.8783
val Loss: 0.7269 Acc: 0.7612

Epoch 69/99
----------
train Loss: 0.3861 Acc: 0.8793
val Loss: 0.7300 Acc: 0.7637

Epoch 70/99
----------
train Loss: 0.3857 Acc: 0.8791
val Loss: 0.7536 Acc: 0.7502

Epoch 71/99
----------
train Loss: 0.3871 Acc: 0.8799
val Loss: 0.7070 Acc: 0.7677

Epoch 72/99
----------
train Loss: 0.3889 Acc: 0.8813
val Loss: 0.7589 Acc: 0.7512

Epoch 73/99
----------
train Loss: 0.3887 Acc: 0.8817
val Loss: 0.7280 Acc: 0.7622

Epoch 74/99
----------
train Loss: 0.3891 Acc: 0.8781
val Loss: 0.7482 Acc: 0.7572

Epoch 75/99
----------
train Loss: 0.3874 Acc: 0.8776
val Loss: 0.7288 Acc: 0.7617

Epoch 76/99
----------
train Loss: 0.3969 Acc: 0.8750
val Loss: 0.7411 Acc: 0.7577

Epoch 77/99
----------
train Loss: 0.3871 Acc: 0.8793
val Loss: 0.7350 Acc: 0.7597

Epoch 78/99
----------
train Loss: 0.3908 Acc: 0.8785
val Loss: 0.7500 Acc: 0.7512

Epoch 79/99
----------
train Loss: 0.3943 Acc: 0.8742
val Loss: 0.7664 Acc: 0.7512

Epoch 80/99
----------
train Loss: 0.3947 Acc: 0.8762
val Loss: 0.7461 Acc: 0.7542

Epoch 81/99
----------
train Loss: 0.3913 Acc: 0.8766
val Loss: 0.7342 Acc: 0.7562

Epoch 82/99
----------
train Loss: 0.3858 Acc: 0.8801
val Loss: 0.7684 Acc: 0.7498

Epoch 83/99
----------
train Loss: 0.3923 Acc: 0.8785
val Loss: 0.7509 Acc: 0.7527

Epoch 84/99
----------
train Loss: 0.3939 Acc: 0.8753
val Loss: 0.7351 Acc: 0.7602

Epoch 85/99
----------
train Loss: 0.3936 Acc: 0.8787
val Loss: 0.7271 Acc: 0.7667

Epoch 86/99
----------
train Loss: 0.3922 Acc: 0.8771
val Loss: 0.7265 Acc: 0.7652

Epoch 87/99
----------
train Loss: 0.3883 Acc: 0.8792
val Loss: 0.7542 Acc: 0.7592

Epoch 88/99
----------
train Loss: 0.3858 Acc: 0.8810
val Loss: 0.7430 Acc: 0.7567

Epoch 89/99
----------
train Loss: 0.3940 Acc: 0.8811
val Loss: 0.7539 Acc: 0.7562

Epoch 90/99
----------
train Loss: 0.3855 Acc: 0.8808
val Loss: 0.7165 Acc: 0.7622

Epoch 91/99
----------
train Loss: 0.3912 Acc: 0.8803
val Loss: 0.7337 Acc: 0.7557

Epoch 92/99
----------
train Loss: 0.3881 Acc: 0.8819
val Loss: 0.7677 Acc: 0.7512

Epoch 93/99
----------
train Loss: 0.3888 Acc: 0.8798
val Loss: 0.7418 Acc: 0.7552

Epoch 94/99
----------
train Loss: 0.3822 Acc: 0.8844
val Loss: 0.7212 Acc: 0.7567

Epoch 95/99
----------
train Loss: 0.3942 Acc: 0.8734
val Loss: 0.7250 Acc: 0.7582

Epoch 96/99
----------
train Loss: 0.3929 Acc: 0.8766
val Loss: 0.7448 Acc: 0.7582

Epoch 97/99
----------
train Loss: 0.3877 Acc: 0.8838
val Loss: 0.7378 Acc: 0.7647

Epoch 98/99
----------
train Loss: 0.3932 Acc: 0.8771
val Loss: 0.7275 Acc: 0.7662

Epoch 99/99
----------
train Loss: 0.3869 Acc: 0.8786
val Loss: 0.7509 Acc: 0.7557

Training complete in 330m 10s
Best val Acc: 0.774177
