Data directory: /home/pbickenbach/IW/Datasets
Epoch 0/99
----------
train Loss: 1.1755 Acc: 0.6150
val Loss: 1.1637 Acc: 0.6849

Epoch 1/99
----------
train Loss: 0.7495 Acc: 0.7872
val Loss: 1.0160 Acc: 0.7139

Epoch 2/99
----------
train Loss: 0.6164 Acc: 0.8254
val Loss: 0.9110 Acc: 0.7318

Epoch 3/99
----------
train Loss: 0.5564 Acc: 0.8343
val Loss: 0.8313 Acc: 0.7527

Epoch 4/99
----------
train Loss: 0.5100 Acc: 0.8463
val Loss: 0.8029 Acc: 0.7483

Epoch 5/99
----------
train Loss: 0.4822 Acc: 0.8551
val Loss: 0.8065 Acc: 0.7512

Epoch 6/99
----------
train Loss: 0.4504 Acc: 0.8645
val Loss: 0.7661 Acc: 0.7527

Epoch 7/99
----------
train Loss: 0.4422 Acc: 0.8645
val Loss: 0.7492 Acc: 0.7617

Epoch 8/99
----------
train Loss: 0.4263 Acc: 0.8680
val Loss: 0.7231 Acc: 0.7637

Epoch 9/99
----------
train Loss: 0.4186 Acc: 0.8712
val Loss: 0.7293 Acc: 0.7677

Epoch 10/99
----------
train Loss: 0.4139 Acc: 0.8714
val Loss: 0.7585 Acc: 0.7542

Epoch 11/99
----------
train Loss: 0.4042 Acc: 0.8763
val Loss: 0.7445 Acc: 0.7537

Epoch 12/99
----------
train Loss: 0.4085 Acc: 0.8745
val Loss: 0.7674 Acc: 0.7522

Epoch 13/99
----------
train Loss: 0.4060 Acc: 0.8730
val Loss: 0.7357 Acc: 0.7642

Epoch 14/99
----------
train Loss: 0.4038 Acc: 0.8737
val Loss: 0.7737 Acc: 0.7483

Epoch 15/99
----------
train Loss: 0.4021 Acc: 0.8728
val Loss: 0.7417 Acc: 0.7647

Epoch 16/99
----------
train Loss: 0.4062 Acc: 0.8732
val Loss: 0.7215 Acc: 0.7652

Epoch 17/99
----------
train Loss: 0.4070 Acc: 0.8747
val Loss: 0.7579 Acc: 0.7572

Epoch 18/99
----------
train Loss: 0.4019 Acc: 0.8738
val Loss: 0.7382 Acc: 0.7587

Epoch 19/99
----------
train Loss: 0.4012 Acc: 0.8787
val Loss: 0.7572 Acc: 0.7607

Epoch 20/99
----------
train Loss: 0.3986 Acc: 0.8785
val Loss: 0.7053 Acc: 0.7712

Epoch 21/99
----------
train Loss: 0.3986 Acc: 0.8787
val Loss: 0.7171 Acc: 0.7712

Epoch 22/99
----------
train Loss: 0.3965 Acc: 0.8797
val Loss: 0.7336 Acc: 0.7677

Epoch 23/99
----------
train Loss: 0.4012 Acc: 0.8743
val Loss: 0.7810 Acc: 0.7438

Epoch 24/99
----------
train Loss: 0.4017 Acc: 0.8767
val Loss: 0.7157 Acc: 0.7692

Epoch 25/99
----------
train Loss: 0.4017 Acc: 0.8756
val Loss: 0.7357 Acc: 0.7587

Epoch 26/99
----------
train Loss: 0.3992 Acc: 0.8788
val Loss: 0.7360 Acc: 0.7637

Epoch 27/99
----------
train Loss: 0.4002 Acc: 0.8744
val Loss: 0.7579 Acc: 0.7597

Epoch 28/99
----------
train Loss: 0.3970 Acc: 0.8789
val Loss: 0.7428 Acc: 0.7567

Epoch 29/99
----------
train Loss: 0.3998 Acc: 0.8759
val Loss: 0.7675 Acc: 0.7567

Epoch 30/99
----------
train Loss: 0.4019 Acc: 0.8767
val Loss: 0.7490 Acc: 0.7532

Epoch 31/99
----------
train Loss: 0.4031 Acc: 0.8756
val Loss: 0.7260 Acc: 0.7667

Epoch 32/99
----------
train Loss: 0.3934 Acc: 0.8811
val Loss: 0.7677 Acc: 0.7527

Epoch 33/99
----------
train Loss: 0.3962 Acc: 0.8762
val Loss: 0.7559 Acc: 0.7542

Epoch 34/99
----------
train Loss: 0.3984 Acc: 0.8742
val Loss: 0.7518 Acc: 0.7522

Epoch 35/99
----------
train Loss: 0.4015 Acc: 0.8723
val Loss: 0.7409 Acc: 0.7627

Epoch 36/99
----------
train Loss: 0.4008 Acc: 0.8775
val Loss: 0.7489 Acc: 0.7582

Epoch 37/99
----------
train Loss: 0.4028 Acc: 0.8753
val Loss: 0.7349 Acc: 0.7617

Epoch 38/99
----------
train Loss: 0.4009 Acc: 0.8764
val Loss: 0.7422 Acc: 0.7622

Epoch 39/99
----------
train Loss: 0.3970 Acc: 0.8792
val Loss: 0.7165 Acc: 0.7612

Epoch 40/99
----------
train Loss: 0.4039 Acc: 0.8734
val Loss: 0.7795 Acc: 0.7507

Epoch 41/99
----------
train Loss: 0.4014 Acc: 0.8774
val Loss: 0.7768 Acc: 0.7478

Epoch 42/99
----------
train Loss: 0.4014 Acc: 0.8728
val Loss: 0.7424 Acc: 0.7607

Epoch 43/99
----------
train Loss: 0.3978 Acc: 0.8796
val Loss: 0.6959 Acc: 0.7702

Epoch 44/99
----------
train Loss: 0.4012 Acc: 0.8765
val Loss: 0.7175 Acc: 0.7667

Epoch 45/99
----------
train Loss: 0.3999 Acc: 0.8787
val Loss: 0.7028 Acc: 0.7722

Epoch 46/99
----------
train Loss: 0.4004 Acc: 0.8739
val Loss: 0.7569 Acc: 0.7592

Epoch 47/99
----------
train Loss: 0.4077 Acc: 0.8741
val Loss: 0.7786 Acc: 0.7537

Epoch 48/99
----------
train Loss: 0.3976 Acc: 0.8793
val Loss: 0.7660 Acc: 0.7552

Epoch 49/99
----------
train Loss: 0.4024 Acc: 0.8765
val Loss: 0.7176 Acc: 0.7702

Epoch 50/99
----------
train Loss: 0.4028 Acc: 0.8799
val Loss: 0.7313 Acc: 0.7612

Epoch 51/99
----------
train Loss: 0.3997 Acc: 0.8780
val Loss: 0.7498 Acc: 0.7522

Epoch 52/99
----------
train Loss: 0.4053 Acc: 0.8720
val Loss: 0.7112 Acc: 0.7677

Epoch 53/99
----------
train Loss: 0.4048 Acc: 0.8751
val Loss: 0.7244 Acc: 0.7652

Epoch 54/99
----------
train Loss: 0.4047 Acc: 0.8714
val Loss: 0.7364 Acc: 0.7622

Epoch 55/99
----------
train Loss: 0.3953 Acc: 0.8765
val Loss: 0.7262 Acc: 0.7657

Epoch 56/99
----------
train Loss: 0.3941 Acc: 0.8780
val Loss: 0.7190 Acc: 0.7667

Epoch 57/99
----------
train Loss: 0.4005 Acc: 0.8773
val Loss: 0.7741 Acc: 0.7478

Epoch 58/99
----------
train Loss: 0.3955 Acc: 0.8799
val Loss: 0.7436 Acc: 0.7582

Epoch 59/99
----------
train Loss: 0.4067 Acc: 0.8736
val Loss: 0.7238 Acc: 0.7632

Epoch 60/99
----------
train Loss: 0.3995 Acc: 0.8752
val Loss: 0.7917 Acc: 0.7463

Epoch 61/99
----------
