Data directory: /home/pbickenbach/IW/Datasets
Epoch 0/49
----------
train Loss: 0.7214 Acc: 0.7627
val Loss: 0.8425 Acc: 0.7458

Epoch 1/49
----------
train Loss: 0.4974 Acc: 0.8389
val Loss: 0.8041 Acc: 0.7493

Epoch 2/49
----------
train Loss: 0.4757 Acc: 0.8409
val Loss: 0.7767 Acc: 0.7587

Epoch 3/49
----------
train Loss: 0.4467 Acc: 0.8503
val Loss: 0.7559 Acc: 0.7657

Epoch 4/49
----------
train Loss: 0.4355 Acc: 0.8540
val Loss: 0.8365 Acc: 0.7517

Epoch 5/49
----------
train Loss: 0.4406 Acc: 0.8544
val Loss: 0.8828 Acc: 0.7547

Epoch 6/49
----------
train Loss: 0.4271 Acc: 0.8546
val Loss: 0.7862 Acc: 0.7562

Epoch 7/49
----------
train Loss: 0.4260 Acc: 0.8602
val Loss: 0.9479 Acc: 0.7298

Epoch 8/49
----------
train Loss: 0.4255 Acc: 0.8561
val Loss: 0.8053 Acc: 0.7712

Epoch 9/49
----------
train Loss: 0.4203 Acc: 0.8593
val Loss: 0.7473 Acc: 0.7662

Epoch 10/49
----------
train Loss: 0.3948 Acc: 0.8721
val Loss: 0.7412 Acc: 0.7727

Epoch 11/49
----------
train Loss: 0.3997 Acc: 0.8679
val Loss: 0.6958 Acc: 0.7772

Epoch 12/49
----------
train Loss: 0.4039 Acc: 0.8647
val Loss: 0.8032 Acc: 0.7642

Epoch 13/49
----------
train Loss: 0.4060 Acc: 0.8669
val Loss: 0.8053 Acc: 0.7478

Epoch 14/49
----------
train Loss: 0.4095 Acc: 0.8678
val Loss: 0.7726 Acc: 0.7587

Epoch 15/49
----------
train Loss: 0.4110 Acc: 0.8630
val Loss: 0.7917 Acc: 0.7532

Epoch 16/49
----------
train Loss: 0.3941 Acc: 0.8689
val Loss: 0.7804 Acc: 0.7607

Epoch 17/49
----------
train Loss: 0.4031 Acc: 0.8675
val Loss: 0.7747 Acc: 0.7522

Epoch 18/49
----------
train Loss: 0.4003 Acc: 0.8657
val Loss: 0.7806 Acc: 0.7542

Epoch 19/49
----------
train Loss: 0.4049 Acc: 0.8650
val Loss: 0.7560 Acc: 0.7782

Epoch 20/49
----------
train Loss: 0.3895 Acc: 0.8762
val Loss: 0.8303 Acc: 0.7527

Epoch 21/49
----------
train Loss: 0.3871 Acc: 0.8765
val Loss: 0.7746 Acc: 0.7672

Epoch 22/49
----------
train Loss: 0.3934 Acc: 0.8715
val Loss: 0.7737 Acc: 0.7627

Epoch 23/49
----------
train Loss: 0.3885 Acc: 0.8736
val Loss: 0.7675 Acc: 0.7682

Epoch 24/49
----------
train Loss: 0.3920 Acc: 0.8755
val Loss: 0.8416 Acc: 0.7517

Epoch 25/49
----------
train Loss: 0.3931 Acc: 0.8719
val Loss: 0.7278 Acc: 0.7737

Epoch 26/49
----------
train Loss: 0.3955 Acc: 0.8704
val Loss: 0.7644 Acc: 0.7672

Epoch 27/49
----------
train Loss: 0.3937 Acc: 0.8735
val Loss: 0.7479 Acc: 0.7707

Epoch 28/49
----------
train Loss: 0.3887 Acc: 0.8735
val Loss: 0.7490 Acc: 0.7752

Epoch 29/49
----------
train Loss: 0.3927 Acc: 0.8733
val Loss: 0.7786 Acc: 0.7657

Epoch 30/49
----------
train Loss: 0.3948 Acc: 0.8705
val Loss: 0.8060 Acc: 0.7562

Epoch 31/49
----------
train Loss: 0.3920 Acc: 0.8707
val Loss: 0.7676 Acc: 0.7632

Epoch 32/49
----------
train Loss: 0.3871 Acc: 0.8694
val Loss: 0.7399 Acc: 0.7712

Epoch 33/49
----------
train Loss: 0.3764 Acc: 0.8802
val Loss: 0.7914 Acc: 0.7567

Epoch 34/49
----------
train Loss: 0.3855 Acc: 0.8744
val Loss: 0.7350 Acc: 0.7692

Epoch 35/49
----------
train Loss: 0.3866 Acc: 0.8738
val Loss: 0.7989 Acc: 0.7582

Epoch 36/49
----------
train Loss: 0.3877 Acc: 0.8738
val Loss: 0.7684 Acc: 0.7677

Epoch 37/49
----------
train Loss: 0.3845 Acc: 0.8753
val Loss: 0.7908 Acc: 0.7542

Epoch 38/49
----------
train Loss: 0.3893 Acc: 0.8718
val Loss: 0.7991 Acc: 0.7612

Epoch 39/49
----------
train Loss: 0.3842 Acc: 0.8729
val Loss: 0.7612 Acc: 0.7657

Epoch 40/49
----------
train Loss: 0.3784 Acc: 0.8784
val Loss: 0.7615 Acc: 0.7662

Epoch 41/49
----------
train Loss: 0.3884 Acc: 0.8714
val Loss: 0.7553 Acc: 0.7662

Epoch 42/49
----------
train Loss: 0.3863 Acc: 0.8750
val Loss: 0.7487 Acc: 0.7702

Epoch 43/49
----------
train Loss: 0.3825 Acc: 0.8777
val Loss: 0.7551 Acc: 0.7647

Epoch 44/49
----------
train Loss: 0.3796 Acc: 0.8759
val Loss: 0.7544 Acc: 0.7682

Epoch 45/49
----------
train Loss: 0.3899 Acc: 0.8723
val Loss: 0.7702 Acc: 0.7627

Epoch 46/49
----------
train Loss: 0.3829 Acc: 0.8779
val Loss: 0.7458 Acc: 0.7692

Epoch 47/49
----------
train Loss: 0.3795 Acc: 0.8778
val Loss: 0.7812 Acc: 0.7572

Epoch 48/49
----------
train Loss: 0.3834 Acc: 0.8764
val Loss: 0.7631 Acc: 0.7627

Epoch 49/49
----------
train Loss: 0.3853 Acc: 0.8781
val Loss: 0.7419 Acc: 0.7687

Training complete in 202m 39s
Best val Acc: 0.778166
