Data directory: /home/pbickenbach/IW/Datasets
Epoch 0/49
----------
train Loss: 0.5900 Acc: 0.8005
val Loss: 0.7148 Acc: 0.7727

Epoch 1/49
----------
train Loss: 0.4272 Acc: 0.8549
val Loss: 0.7902 Acc: 0.7582

Epoch 2/49
----------
train Loss: 0.3822 Acc: 0.8686
val Loss: 0.7546 Acc: 0.7807

Epoch 3/49
----------
train Loss: 0.3598 Acc: 0.8785
val Loss: 0.7508 Acc: 0.7752

Epoch 4/49
----------
train Loss: 0.3474 Acc: 0.8792
val Loss: 0.6730 Acc: 0.7956

Epoch 5/49
----------
train Loss: 0.2937 Acc: 0.9009
val Loss: 0.7333 Acc: 0.7742

Epoch 6/49
----------
train Loss: 0.2819 Acc: 0.9035
val Loss: 0.7674 Acc: 0.7602

Epoch 7/49
----------
train Loss: 0.2871 Acc: 0.9024
val Loss: 0.7104 Acc: 0.7886

Epoch 8/49
----------
train Loss: 0.2605 Acc: 0.9141
val Loss: 0.7143 Acc: 0.7931

Epoch 9/49
----------
train Loss: 0.2617 Acc: 0.9090
val Loss: 0.7424 Acc: 0.7906

Epoch 10/49
----------
train Loss: 0.2378 Acc: 0.9183
val Loss: 0.7155 Acc: 0.7976

Epoch 11/49
----------
train Loss: 0.2317 Acc: 0.9209
val Loss: 0.7305 Acc: 0.7856

Epoch 12/49
----------
train Loss: 0.2290 Acc: 0.9221
val Loss: 0.7124 Acc: 0.7976

Epoch 13/49
----------
train Loss: 0.2194 Acc: 0.9240
val Loss: 0.7534 Acc: 0.7856

Epoch 14/49
----------
train Loss: 0.2233 Acc: 0.9237
val Loss: 0.6746 Acc: 0.8056

Epoch 15/49
----------
train Loss: 0.2116 Acc: 0.9263
val Loss: 0.6765 Acc: 0.8031

Epoch 16/49
----------
train Loss: 0.1989 Acc: 0.9312
val Loss: 0.6973 Acc: 0.8021

Epoch 17/49
----------
train Loss: 0.2061 Acc: 0.9303
val Loss: 0.7087 Acc: 0.8006

Epoch 18/49
----------
train Loss: 0.1931 Acc: 0.9355
val Loss: 0.7623 Acc: 0.7931

Epoch 19/49
----------
train Loss: 0.2098 Acc: 0.9292
val Loss: 0.7042 Acc: 0.8021

Epoch 20/49
----------
train Loss: 0.1925 Acc: 0.9316
val Loss: 0.7400 Acc: 0.7991

Epoch 21/49
----------
train Loss: 0.1904 Acc: 0.9348
val Loss: 0.7626 Acc: 0.7896

Epoch 22/49
----------
train Loss: 0.1935 Acc: 0.9325
val Loss: 0.7826 Acc: 0.7921

Epoch 23/49
----------
train Loss: 0.1870 Acc: 0.9348
val Loss: 0.7516 Acc: 0.7996

Epoch 24/49
----------
train Loss: 0.1828 Acc: 0.9381
val Loss: 0.6943 Acc: 0.8086

Epoch 25/49
----------
train Loss: 0.1872 Acc: 0.9361
val Loss: 0.7473 Acc: 0.7956

Epoch 26/49
----------
train Loss: 0.1811 Acc: 0.9390
val Loss: 0.7119 Acc: 0.8066

Epoch 27/49
----------
train Loss: 0.1855 Acc: 0.9381
val Loss: 0.7455 Acc: 0.7891

Epoch 28/49
----------
train Loss: 0.1794 Acc: 0.9404
val Loss: 0.7525 Acc: 0.7946

Epoch 29/49
----------
train Loss: 0.1835 Acc: 0.9377
val Loss: 0.7990 Acc: 0.7846

Epoch 30/49
----------
train Loss: 0.1825 Acc: 0.9383
val Loss: 0.7070 Acc: 0.8051

Epoch 31/49
----------
train Loss: 0.1823 Acc: 0.9373
val Loss: 0.7461 Acc: 0.7966

Epoch 32/49
----------
train Loss: 0.1813 Acc: 0.9367
val Loss: 0.7292 Acc: 0.7971

Epoch 33/49
----------
train Loss: 0.1875 Acc: 0.9384
val Loss: 0.7690 Acc: 0.7866

Epoch 34/49
----------
train Loss: 0.1719 Acc: 0.9417
val Loss: 0.7361 Acc: 0.8056

Epoch 35/49
----------
train Loss: 0.1800 Acc: 0.9388
val Loss: 0.7592 Acc: 0.7891

Epoch 36/49
----------
train Loss: 0.1765 Acc: 0.9412
val Loss: 0.7872 Acc: 0.7841

Epoch 37/49
----------
train Loss: 0.1795 Acc: 0.9385
val Loss: 0.7340 Acc: 0.8011

Epoch 38/49
----------
train Loss: 0.1866 Acc: 0.9374
val Loss: 0.7620 Acc: 0.7886

Epoch 39/49
----------
train Loss: 0.1828 Acc: 0.9372
val Loss: 0.7921 Acc: 0.7827

Epoch 40/49
----------
train Loss: 0.1813 Acc: 0.9391
val Loss: 0.7369 Acc: 0.7921

Epoch 41/49
----------
train Loss: 0.1771 Acc: 0.9379
val Loss: 0.7322 Acc: 0.8021

Epoch 42/49
----------
train Loss: 0.1767 Acc: 0.9385
val Loss: 0.7327 Acc: 0.8026

Epoch 43/49
----------
train Loss: 0.1837 Acc: 0.9362
val Loss: 0.7153 Acc: 0.8011

Epoch 44/49
----------
train Loss: 0.1832 Acc: 0.9368
val Loss: 0.7123 Acc: 0.8056

Epoch 45/49
----------
train Loss: 0.1794 Acc: 0.9385
val Loss: 0.6913 Acc: 0.8071

Epoch 46/49
----------
train Loss: 0.1781 Acc: 0.9414
val Loss: 0.7930 Acc: 0.7856

Epoch 47/49
----------
train Loss: 0.1785 Acc: 0.9387
val Loss: 0.7609 Acc: 0.7901

Epoch 48/49
----------
train Loss: 0.1766 Acc: 0.9391
val Loss: 0.7502 Acc: 0.7966

Epoch 49/49
----------
train Loss: 0.1701 Acc: 0.9407
val Loss: 0.7539 Acc: 0.7876

Training complete in 174m 36s
Best val Acc: 0.808574
