Data directory: /home/pbickenbach/IW/Datasets
Epoch 0/99
----------
train Loss: 1.7258 Acc: 0.3057
val Loss: 1.9128 Acc: 0.2383

Epoch 1/99
----------
train Loss: 1.5024 Acc: 0.4475
val Loss: 1.8366 Acc: 0.2817

Epoch 2/99
----------
train Loss: 1.3525 Acc: 0.5388
val Loss: 1.6848 Acc: 0.3420

Epoch 3/99
----------
train Loss: 1.2370 Acc: 0.5938
val Loss: 1.6218 Acc: 0.3739

Epoch 4/99
----------
train Loss: 1.1499 Acc: 0.6318
val Loss: 1.5225 Acc: 0.4347

Epoch 5/99
----------
train Loss: 1.0719 Acc: 0.6683
val Loss: 1.4231 Acc: 0.5125

Epoch 6/99
----------
train Loss: 1.0100 Acc: 0.7028
val Loss: 1.3362 Acc: 0.5653

Epoch 7/99
----------
train Loss: 0.9464 Acc: 0.7305
val Loss: 1.3437 Acc: 0.5703

Epoch 8/99
----------
train Loss: 0.9039 Acc: 0.7443
val Loss: 1.2901 Acc: 0.6047

Epoch 9/99
----------
train Loss: 0.8591 Acc: 0.7555
val Loss: 1.2011 Acc: 0.6341

Epoch 10/99
----------
train Loss: 0.8453 Acc: 0.7620
val Loss: 1.2272 Acc: 0.6281

Epoch 11/99
----------
train Loss: 0.8427 Acc: 0.7667
val Loss: 1.2627 Acc: 0.6157

Epoch 12/99
----------
train Loss: 0.8307 Acc: 0.7675
val Loss: 1.2359 Acc: 0.6371

Epoch 13/99
----------
train Loss: 0.8337 Acc: 0.7715
val Loss: 1.2153 Acc: 0.6381

Epoch 14/99
----------
train Loss: 0.8323 Acc: 0.7663
val Loss: 1.2025 Acc: 0.6381

Epoch 15/99
----------
train Loss: 0.8281 Acc: 0.7677
val Loss: 1.2128 Acc: 0.6496

Epoch 16/99
----------
train Loss: 0.8242 Acc: 0.7704
val Loss: 1.1872 Acc: 0.6530

Epoch 17/99
----------
train Loss: 0.8175 Acc: 0.7724
val Loss: 1.1933 Acc: 0.6505

Epoch 18/99
----------
train Loss: 0.8183 Acc: 0.7699
val Loss: 1.1718 Acc: 0.6515

Epoch 19/99
----------
train Loss: 0.8138 Acc: 0.7728
val Loss: 1.2269 Acc: 0.6221

Epoch 20/99
----------
train Loss: 0.8118 Acc: 0.7733
val Loss: 1.2042 Acc: 0.6491

Epoch 21/99
----------
train Loss: 0.8104 Acc: 0.7775
val Loss: 1.1953 Acc: 0.6426

Epoch 22/99
----------
train Loss: 0.8087 Acc: 0.7711
val Loss: 1.1978 Acc: 0.6461

Epoch 23/99
----------
train Loss: 0.8067 Acc: 0.7782
val Loss: 1.2380 Acc: 0.6351

Epoch 24/99
----------
train Loss: 0.8090 Acc: 0.7729
val Loss: 1.1720 Acc: 0.6565

Epoch 25/99
----------
train Loss: 0.8107 Acc: 0.7729
val Loss: 1.1888 Acc: 0.6456

Epoch 26/99
----------
train Loss: 0.8079 Acc: 0.7732
val Loss: 1.1782 Acc: 0.6540

Epoch 27/99
----------
train Loss: 0.8029 Acc: 0.7787
val Loss: 1.1789 Acc: 0.6476

Epoch 28/99
----------
train Loss: 0.8081 Acc: 0.7733
val Loss: 1.1588 Acc: 0.6635

Epoch 29/99
----------
train Loss: 0.8077 Acc: 0.7738
val Loss: 1.1950 Acc: 0.6426

Epoch 30/99
----------
train Loss: 0.8080 Acc: 0.7720
val Loss: 1.2347 Acc: 0.6321

Epoch 31/99
----------
train Loss: 0.8098 Acc: 0.7764
val Loss: 1.1785 Acc: 0.6540

Epoch 32/99
----------
train Loss: 0.8088 Acc: 0.7731
val Loss: 1.1521 Acc: 0.6520

Epoch 33/99
----------
train Loss: 0.8075 Acc: 0.7758
val Loss: 1.2253 Acc: 0.6236

Epoch 34/99
----------
train Loss: 0.8036 Acc: 0.7772
val Loss: 1.1849 Acc: 0.6401

Epoch 35/99
----------
train Loss: 0.8094 Acc: 0.7721
val Loss: 1.1832 Acc: 0.6555

Epoch 36/99
----------
train Loss: 0.8096 Acc: 0.7739
val Loss: 1.2043 Acc: 0.6416

Epoch 37/99
----------
train Loss: 0.8049 Acc: 0.7752
val Loss: 1.1905 Acc: 0.6505

Epoch 38/99
----------
train Loss: 0.8060 Acc: 0.7767
val Loss: 1.1843 Acc: 0.6550

Epoch 39/99
----------
train Loss: 0.8037 Acc: 0.7739
val Loss: 1.1726 Acc: 0.6625

Epoch 40/99
----------
train Loss: 0.8092 Acc: 0.7731
val Loss: 1.1668 Acc: 0.6535

Epoch 41/99
----------
train Loss: 0.8069 Acc: 0.7724
val Loss: 1.1975 Acc: 0.6491

Epoch 42/99
----------
train Loss: 0.8102 Acc: 0.7717
val Loss: 1.1928 Acc: 0.6446

Epoch 43/99
----------
train Loss: 0.8086 Acc: 0.7753
val Loss: 1.1914 Acc: 0.6491

Epoch 44/99
----------
train Loss: 0.8093 Acc: 0.7765
val Loss: 1.1731 Acc: 0.6560

Epoch 45/99
----------
train Loss: 0.8069 Acc: 0.7750
val Loss: 1.1905 Acc: 0.6456

Epoch 46/99
----------
train Loss: 0.8129 Acc: 0.7718
val Loss: 1.1980 Acc: 0.6421

Epoch 47/99
----------
train Loss: 0.8103 Acc: 0.7763
val Loss: 1.2040 Acc: 0.6386

Epoch 48/99
----------
train Loss: 0.8058 Acc: 0.7743
val Loss: 1.1614 Acc: 0.6660

Epoch 49/99
----------
train Loss: 0.8035 Acc: 0.7732
val Loss: 1.2042 Acc: 0.6481

Epoch 50/99
----------
train Loss: 0.8051 Acc: 0.7769
val Loss: 1.1960 Acc: 0.6530

Epoch 51/99
----------
train Loss: 0.8039 Acc: 0.7742
val Loss: 1.1896 Acc: 0.6386

Epoch 52/99
----------
train Loss: 0.8066 Acc: 0.7775
val Loss: 1.2024 Acc: 0.6550

Epoch 53/99
----------
train Loss: 0.8062 Acc: 0.7741
val Loss: 1.2025 Acc: 0.6446

Epoch 54/99
----------
train Loss: 0.8096 Acc: 0.7719
val Loss: 1.2019 Acc: 0.6421

Epoch 55/99
----------
train Loss: 0.8101 Acc: 0.7761
val Loss: 1.1978 Acc: 0.6356

Epoch 56/99
----------
train Loss: 0.8091 Acc: 0.7716
val Loss: 1.1775 Acc: 0.6650

Epoch 57/99
----------
train Loss: 0.8058 Acc: 0.7749
val Loss: 1.1937 Acc: 0.6560

Epoch 58/99
----------
train Loss: 0.8087 Acc: 0.7705
val Loss: 1.1922 Acc: 0.6555

Epoch 59/99
----------
train Loss: 0.8067 Acc: 0.7769
val Loss: 1.1737 Acc: 0.6466

Epoch 60/99
----------
train Loss: 0.8115 Acc: 0.7702
val Loss: 1.1840 Acc: 0.6476

Epoch 61/99
----------
train Loss: 0.8088 Acc: 0.7732
val Loss: 1.2043 Acc: 0.6431

Epoch 62/99
----------
train Loss: 0.8057 Acc: 0.7757
val Loss: 1.2109 Acc: 0.6336

Epoch 63/99
----------
train Loss: 0.8071 Acc: 0.7733
val Loss: 1.2017 Acc: 0.6520

Epoch 64/99
----------
train Loss: 0.8091 Acc: 0.7705
val Loss: 1.2094 Acc: 0.6456

Epoch 65/99
----------
train Loss: 0.8047 Acc: 0.7753
val Loss: 1.1317 Acc: 0.6780

Epoch 66/99
----------
train Loss: 0.8102 Acc: 0.7725
val Loss: 1.1652 Acc: 0.6580

Epoch 67/99
----------
train Loss: 0.8085 Acc: 0.7738
val Loss: 1.1824 Acc: 0.6620

Epoch 68/99
----------
train Loss: 0.8078 Acc: 0.7720
val Loss: 1.1665 Acc: 0.6555

Epoch 69/99
----------
train Loss: 0.8057 Acc: 0.7780
val Loss: 1.1788 Acc: 0.6585

Epoch 70/99
----------
train Loss: 0.8074 Acc: 0.7735
val Loss: 1.2463 Acc: 0.6181

Epoch 71/99
----------
train Loss: 0.8042 Acc: 0.7754
val Loss: 1.1952 Acc: 0.6481

Epoch 72/99
----------
train Loss: 0.8071 Acc: 0.7721
val Loss: 1.1979 Acc: 0.6530

Epoch 73/99
----------
train Loss: 0.8048 Acc: 0.7705
val Loss: 1.1476 Acc: 0.6595

Epoch 74/99
----------
train Loss: 0.8051 Acc: 0.7748
val Loss: 1.1503 Acc: 0.6515

Epoch 75/99
----------
train Loss: 0.8115 Acc: 0.7707
val Loss: 1.1813 Acc: 0.6515

Epoch 76/99
----------
train Loss: 0.8077 Acc: 0.7742
val Loss: 1.1699 Acc: 0.6431

Epoch 77/99
----------
train Loss: 0.8096 Acc: 0.7736
val Loss: 1.1677 Acc: 0.6580

Epoch 78/99
----------
train Loss: 0.8053 Acc: 0.7757
val Loss: 1.2003 Acc: 0.6505

Epoch 79/99
----------
train Loss: 0.8054 Acc: 0.7748
val Loss: 1.1834 Acc: 0.6471

Epoch 80/99
----------
train Loss: 0.8113 Acc: 0.7698
val Loss: 1.2036 Acc: 0.6416

Epoch 81/99
----------
train Loss: 0.8072 Acc: 0.7752
val Loss: 1.2157 Acc: 0.6451

Epoch 82/99
----------
train Loss: 0.8085 Acc: 0.7756
val Loss: 1.1862 Acc: 0.6555

Epoch 83/99
----------
train Loss: 0.8063 Acc: 0.7760
val Loss: 1.1657 Acc: 0.6650

Epoch 84/99
----------
train Loss: 0.8084 Acc: 0.7711
val Loss: 1.1818 Acc: 0.6481

Epoch 85/99
----------
train Loss: 0.8085 Acc: 0.7764
val Loss: 1.2035 Acc: 0.6366

Epoch 86/99
----------
train Loss: 0.8055 Acc: 0.7729
val Loss: 1.1628 Acc: 0.6630

Epoch 87/99
----------
train Loss: 0.8128 Acc: 0.7699
val Loss: 1.1848 Acc: 0.6575

Epoch 88/99
----------
train Loss: 0.8071 Acc: 0.7702
val Loss: 1.1646 Acc: 0.6585

Epoch 89/99
----------
train Loss: 0.8127 Acc: 0.7690
val Loss: 1.2176 Acc: 0.6266

Epoch 90/99
----------
train Loss: 0.8079 Acc: 0.7725
val Loss: 1.1846 Acc: 0.6575

Epoch 91/99
----------
train Loss: 0.8092 Acc: 0.7756
val Loss: 1.1775 Acc: 0.6496

Epoch 92/99
----------
train Loss: 0.8094 Acc: 0.7756
val Loss: 1.1649 Acc: 0.6600

Epoch 93/99
----------
train Loss: 0.8084 Acc: 0.7705
val Loss: 1.2041 Acc: 0.6500

Epoch 94/99
----------
train Loss: 0.8022 Acc: 0.7755
val Loss: 1.1906 Acc: 0.6396

Epoch 95/99
----------
train Loss: 0.8030 Acc: 0.7751
val Loss: 1.2027 Acc: 0.6481

Epoch 96/99
----------
train Loss: 0.8053 Acc: 0.7709
val Loss: 1.1649 Acc: 0.6590

Epoch 97/99
----------
train Loss: 0.8083 Acc: 0.7749
val Loss: 1.1654 Acc: 0.6540

Epoch 98/99
----------
train Loss: 0.8112 Acc: 0.7730
val Loss: 1.1734 Acc: 0.6446

Epoch 99/99
----------
train Loss: 0.8107 Acc: 0.7740
val Loss: 1.1958 Acc: 0.6600

Training complete in 338m 47s
Best val Acc: 0.677966
