Data directory: /home/pbickenbach/IW/Datasets
Epoch 0/49
----------
train Loss: 0.5842 Acc: 0.8030
val Loss: 0.6280 Acc: 0.7722

Epoch 1/49
----------
train Loss: 0.4436 Acc: 0.8493
val Loss: 0.7333 Acc: 0.7582

Epoch 2/49
----------
train Loss: 0.4037 Acc: 0.8611
val Loss: 0.8745 Acc: 0.7532

Epoch 3/49
----------
train Loss: 0.3620 Acc: 0.8745
val Loss: 0.7836 Acc: 0.7582

Epoch 4/49
----------
train Loss: 0.3642 Acc: 0.8741
val Loss: 0.7268 Acc: 0.7692

Epoch 5/49
----------
train Loss: 0.3070 Acc: 0.8960
val Loss: 0.7260 Acc: 0.7687

Epoch 6/49
----------
train Loss: 0.2881 Acc: 0.8987
val Loss: 0.6179 Acc: 0.8061

Epoch 7/49
----------
train Loss: 0.2878 Acc: 0.8990
val Loss: 0.6882 Acc: 0.8061

Epoch 8/49
----------
train Loss: 0.2901 Acc: 0.8987
val Loss: 0.7021 Acc: 0.7881

Epoch 9/49
----------
train Loss: 0.2855 Acc: 0.9006
val Loss: 0.6881 Acc: 0.7871

Epoch 10/49
----------
train Loss: 0.2542 Acc: 0.9154
val Loss: 0.7018 Acc: 0.7841

Epoch 11/49
----------
train Loss: 0.2440 Acc: 0.9201
val Loss: 0.6622 Acc: 0.8061

Epoch 12/49
----------
train Loss: 0.2453 Acc: 0.9179
val Loss: 0.7249 Acc: 0.7717

Epoch 13/49
----------
train Loss: 0.2447 Acc: 0.9169
val Loss: 0.6302 Acc: 0.8121

Epoch 14/49
----------
train Loss: 0.2363 Acc: 0.9204
val Loss: 0.6937 Acc: 0.7921

Epoch 15/49
----------
train Loss: 0.2225 Acc: 0.9221
val Loss: 0.6329 Acc: 0.7916

Epoch 16/49
----------
train Loss: 0.2189 Acc: 0.9256
val Loss: 0.6680 Acc: 0.7946

Epoch 17/49
----------
train Loss: 0.2194 Acc: 0.9266
val Loss: 0.7007 Acc: 0.7832

Epoch 18/49
----------
train Loss: 0.2102 Acc: 0.9295
val Loss: 0.6553 Acc: 0.8006

Epoch 19/49
----------
train Loss: 0.2130 Acc: 0.9305
val Loss: 0.7045 Acc: 0.7836

Epoch 20/49
----------
train Loss: 0.2127 Acc: 0.9288
val Loss: 0.6372 Acc: 0.8096

Epoch 21/49
----------
train Loss: 0.2012 Acc: 0.9321
val Loss: 0.6638 Acc: 0.7951

Epoch 22/49
----------
train Loss: 0.2049 Acc: 0.9313
val Loss: 0.6830 Acc: 0.7906

Epoch 23/49
----------
train Loss: 0.2000 Acc: 0.9330
val Loss: 0.6669 Acc: 0.7991

Epoch 24/49
----------
train Loss: 0.2018 Acc: 0.9327
val Loss: 0.6442 Acc: 0.8011

Epoch 25/49
----------
train Loss: 0.2026 Acc: 0.9308
val Loss: 0.6294 Acc: 0.8066

Epoch 26/49
----------
train Loss: 0.1966 Acc: 0.9351
val Loss: 0.6948 Acc: 0.7911

Epoch 27/49
----------
train Loss: 0.2009 Acc: 0.9337
val Loss: 0.6800 Acc: 0.7996

Epoch 28/49
----------
train Loss: 0.2001 Acc: 0.9341
val Loss: 0.6634 Acc: 0.8036

Epoch 29/49
----------
train Loss: 0.1955 Acc: 0.9353
val Loss: 0.6722 Acc: 0.7881

Epoch 30/49
----------
train Loss: 0.1946 Acc: 0.9335
val Loss: 0.6336 Acc: 0.8051

Epoch 31/49
----------
train Loss: 0.1924 Acc: 0.9344
val Loss: 0.6632 Acc: 0.8026

Epoch 32/49
----------
train Loss: 0.1863 Acc: 0.9394
val Loss: 0.6635 Acc: 0.8086

Epoch 33/49
----------
train Loss: 0.1862 Acc: 0.9363
val Loss: 0.6869 Acc: 0.7961

Epoch 34/49
----------
train Loss: 0.1974 Acc: 0.9360
val Loss: 0.6700 Acc: 0.7996

Epoch 35/49
----------
train Loss: 0.1959 Acc: 0.9346
val Loss: 0.6818 Acc: 0.8006

Epoch 36/49
----------
train Loss: 0.1878 Acc: 0.9383
val Loss: 0.6838 Acc: 0.7936

Epoch 37/49
----------
train Loss: 0.1957 Acc: 0.9350
val Loss: 0.6402 Acc: 0.8096

Epoch 38/49
----------
train Loss: 0.1873 Acc: 0.9368
val Loss: 0.6772 Acc: 0.7916

Epoch 39/49
----------
train Loss: 0.1992 Acc: 0.9313
val Loss: 0.6684 Acc: 0.8016

Epoch 40/49
----------
train Loss: 0.1919 Acc: 0.9365
val Loss: 0.6456 Acc: 0.8091

Epoch 41/49
----------
train Loss: 0.1900 Acc: 0.9362
val Loss: 0.6730 Acc: 0.8006

Epoch 42/49
----------
train Loss: 0.1870 Acc: 0.9387
val Loss: 0.7047 Acc: 0.7861

Epoch 43/49
----------
train Loss: 0.1914 Acc: 0.9361
val Loss: 0.6218 Acc: 0.8156

Epoch 44/49
----------
train Loss: 0.1887 Acc: 0.9375
val Loss: 0.6258 Acc: 0.8076

Epoch 45/49
----------
train Loss: 0.1907 Acc: 0.9339
val Loss: 0.6709 Acc: 0.7976

Epoch 46/49
----------
train Loss: 0.1872 Acc: 0.9390
val Loss: 0.6566 Acc: 0.8031

Epoch 47/49
----------
train Loss: 0.1947 Acc: 0.9359
val Loss: 0.6721 Acc: 0.7991

Epoch 48/49
----------
train Loss: 0.1887 Acc: 0.9395
val Loss: 0.6543 Acc: 0.8006

Epoch 49/49
----------
train Loss: 0.1953 Acc: 0.9344
val Loss: 0.6542 Acc: 0.8076

Training complete in 172m 35s
Best val Acc: 0.815553
